[INFO] Using following parameters for creating project from Old (1.x) Archetype:
 maven-archetype-quickstart:1.0-alpha-1
[INFO] -------------------------------------------------------------------------
---
[INFO] Parameter: basedir, Value: C:\Users\November\TestNGSample
[INFO] Parameter: package, Value: com.testng
[INFO] Parameter: groupId, Value: 1
[INFO] Parameter: artifactId, Value: 1
[INFO] Parameter: packageName, Value: com.testng
[INFO] Parameter: version, Value: 1.0
[INFO] ------------------------------------------------------------------------
[INFO] BUILD FAILURE
[INFO] ------------------------------------------------------------------------
[INFO] Total time: 10:51 min
[INFO] Finished at: 2017-03-07T00:53:23+02:00
[INFO] Final Memory: 15M/183M
[INFO] ------------------------------------------------------------------------
[ERROR] Failed to execute goal org.apache.maven.plugins:maven-archetype-plugin:3
.0.0:generate (default-cli) on project testArtifactId: Unable to read parent POM -> [Help 1]
org.apache.maven.lifecycle.LifecycleExecutionException: Failed to execute goal 
org.apache.maven.plugins:maven-archetype-plugin:3.0.0:generate (default-cli) on project testArtifactId: Unable to read parent POM
        at org.apache.maven.lifecycle.internal.MojoExecutor.execute(MojoExecutor.java:212)
        at org.apache.maven.lifecycle.internal.MojoExecutor.execute(MojoExecutor.java:153)
        at org.apache.maven.lifecycle.internal.MojoExecutor.execute(MojoExecutor.java:145)
        at org.apache.maven.lifecycle.internal.LifecycleModuleBuilder.buildProject(LifecycleModuleBuilder.java:116)
        at org.apache.maven.lifecycle.internal.LifecycleModuleBuilder.buildProject(LifecycleModuleBuilder.java:80)
        at org.apache.maven.lifecycle.internal.builder.singlethreaded.SingleThreadedBuilder.build(SingleThreadedBuilder.java:51)
        at org.apache.maven.lifecycle.internal.LifecycleStarter.execute(LifecycleStarter.java:128)
        at org.apache.maven.DefaultMaven.doExecute(DefaultMaven.java:307)
        at org.apache.maven.DefaultMaven.doExecute(DefaultMaven.java:193)
        at org.apache.maven.DefaultMaven.execute(DefaultMaven.java:106)
        at org.apache.maven.cli.MavenCli.execute(MavenCli.java:863)
        at org.apache.maven.cli.MavenCli.doMain(MavenCli.java:288)
        at org.apache.maven.cli.MavenCli.main(MavenCli.java:199)
        at sun.reflect.NativeMethodAccessorImpl.invoke0(Native Method)
        at sun.reflect.NativeMethodAccessorImpl.invoke(NativeMethodAccessorImpl.java:62)
        at sun.reflect.DelegatingMethodAccessorImpl.invoke(DelegatingMethodAccessorImpl.java:43)        at java.lang.reflect.Method.invoke(Method.java:498)
        at org.codehaus.plexus.classworlds.launcher.Launcher.launchEnhanced(Launcher.java:289)
        at org.codehaus.plexus.classworlds.launcher.Launcher.launch(Launcher.java:229)
        at org.codehaus.plexus.classworlds.launcher.Launcher.mainWithExitCode(Launcher.java:415)
        at org.codehaus.plexus.classworlds.launcher.Launcher.main(Launcher.java:356)
Caused by: org.apache.maven.plugin.MojoFailureException: Unable to read parent POM
        at org.apache.maven.archetype.mojos.CreateProjectFromArchetypeMojo.execute(CreateProjectFromArchetypeMojo.java:191)
        at org.apache.maven.plugin.DefaultBuildPluginManager.executeMojo(DefaultBuildPluginManager.java:134)
        at org.apache.maven.lifecycle.internal.MojoExecutor.execute(MojoExecutor.java:207)
        ... 20 more
[ERROR]
[ERROR]
[ERROR] For more information about the errors and possible solutions, please read the following articles:
[ERROR] [Help 1] http://cwiki.apache.org/confluence/display/MAVEN/MojoFailureException
